[debug] [2022-04-25T14:03:36.412Z] ----------------------------------------------------------------------
[debug] [2022-04-25T14:03:36.412Z] Command:       /usr/local/bin/node /usr/local/bin/firebase init
[debug] [2022-04-25T14:03:36.413Z] CLI Version:   10.2.1
[debug] [2022-04-25T14:03:36.413Z] Platform:      darwin
[debug] [2022-04-25T14:03:36.413Z] Node Version:  v16.13.1
[debug] [2022-04-25T14:03:36.413Z] Time:          Mon Apr 25 2022 19:33:36 GMT+0530 (India Standard Time)
[debug] [2022-04-25T14:03:36.413Z] ----------------------------------------------------------------------
[debug] 
[debug] [2022-04-25T14:03:36.461Z] > command requires scopes: ["email","openid","https://www.googleapis.com/auth/cloudplatformprojects.readonly","https://www.googleapis.com/auth/firebase","https://www.googleapis.com/auth/cloud-platform"]
[debug] [2022-04-25T14:03:36.461Z] > authorizing via signed-in user (vbrayz111@gmail.com)
[info] 
     ######## #### ########  ######## ########     ###     ######  ########
     ##        ##  ##     ## ##       ##     ##  ##   ##  ##       ##
     ######    ##  ########  ######   ########  #########  ######  ######
     ##        ##  ##    ##  ##       ##     ## ##     ##       ## ##
     ##       #### ##     ## ######## ########  ##     ##  ######  ########

You're about to initialize a Firebase project in this directory:

  /Users/ayushmangal/Desktop/RayZ/client

Before we get started, keep in mind:

  * You are initializing within an existing Firebase project directory

[info] 
=== Project Setup
[info] 
[info] First, let's associate this project directory with a Firebase project.
[info] You can create multiple project aliases by running firebase use --add, 
[info] but for now we'll just set up a default project.
[info] 
[debug] [2022-04-25T14:04:01.571Z] Using project from CLI flag: rayz-robotics
[debug] [2022-04-25T14:04:01.572Z] > refreshing access token with scopes: []
[debug] [2022-04-25T14:04:01.573Z] >>> HTTP REQUEST POST https://www.googleapis.com/oauth2/v3/token  
 <request body omitted>
[debug] [2022-04-25T14:04:01.840Z] <<< HTTP RESPONSE 200 {"pragma":"no-cache","cache-control":"no-cache, no-store, max-age=0, must-revalidate","expires":"Mon, 01 Jan 1990 00:00:00 GMT","date":"Mon, 25 Apr 2022 14:04:01 GMT","content-type":"application/json; charset=utf-8","vary":"X-Origin, Referer, Origin,Accept-Encoding","server":"scaffolding on HTTPServer2","x-xss-protection":"0","x-frame-options":"SAMEORIGIN","x-content-type-options":"nosniff","alt-svc":"h3=\":443\"; ma=2592000,h3-29=\":443\"; ma=2592000,h3-Q050=\":443\"; ma=2592000,h3-Q046=\":443\"; ma=2592000,h3-Q043=\":443\"; ma=2592000,quic=\":443\"; ma=2592000; v=\"46,43\"","accept-ranges":"none","transfer-encoding":"chunked"}
[debug] [2022-04-25T14:04:01.886Z] >>> [apiv2][query] GET https://firebase.googleapis.com/v1beta1/projects/rayz-robotics [none]
[debug] [2022-04-25T14:04:02.589Z] <<< [apiv2][status] GET https://firebase.googleapis.com/v1beta1/projects/rayz-robotics 403
[debug] [2022-04-25T14:04:02.589Z] <<< [apiv2][body] GET https://firebase.googleapis.com/v1beta1/projects/rayz-robotics {"error":{"code":403,"message":"The caller does not have permission","status":"PERMISSION_DENIED"}}
[debug] [2022-04-25T14:04:02.589Z] HTTP Error: 403, The caller does not have permission
[debug] [2022-04-25T14:04:02.794Z] FirebaseError: HTTP Error: 403, The caller does not have permission
    at module.exports (/usr/local/lib/node_modules/firebase-tools/lib/responseToError.js:47:12)
    at RetryOperation._fn (/usr/local/lib/node_modules/firebase-tools/lib/apiv2.js:286:39)
    at processTicksAndRejections (node:internal/process/task_queues:96:5)
[error] 
[error] Error: Failed to get Firebase project rayz-robotics. Please make sure the project exists and your account has permission to access it.
